# JRE version: OpenJDK Runtime Environment (11.0.11+9) (build 11.0.11+9-b60-7590822)
# Java VM: OpenJDK 64-Bit Server VM (11.0.11+9-b60-7590822, mixed mode, tiered, compressed oops, g1 gc, windows-amd64)
Heap:
 garbage-first heap   total 236544K, used 122880K [0x0000000080000000, 0x0000000100000000)
  region size 1024K, 28 young (28672K), 13 survivors (13312K)
 Metaspace       used 92967K, capacity 95397K, committed 95488K, reserved 1132544K
  class space    used 11855K, capacity 12741K, committed 12800K, reserved 1048576K
GC Heap History (20 events):
Event: 39.301 GC heap before
{Heap before GC invocations=21 (full 0):
 garbage-first heap   total 236544K, used 173128K [0x0000000080000000, 0x0000000100000000)
  region size 1024K, 138 young (141312K), 11 survivors (11264K)
 Metaspace       used 64872K, capacity 66443K, committed 66688K, reserved 1107968K
  class space    used 8209K, capacity 8759K, committed 8832K, reserved 1048576K
}
Event: 39.331 GC heap after
{Heap after GC invocations=22 (full 0):
 garbage-first heap   total 236544K, used 51845K [0x0000000080000000, 0x0000000100000000)
  region size 1024K, 16 young (16384K), 16 survivors (16384K)
 Metaspace       used 64872K, capacity 66443K, committed 66688K, reserved 1107968K
  class space    used 8209K, capacity 8759K, committed 8832K, reserved 1048576K
}
Event: 42.262 GC heap before
{Heap before GC invocations=22 (full 0):
 garbage-first heap   total 236544K, used 176773K [0x0000000080000000, 0x0000000100000000)
  region size 1024K, 138 young (141312K), 16 survivors (16384K)
 Metaspace       used 72640K, capacity 74393K, committed 74624K, reserved 1114112K
  class space    used 9401K, capacity 10043K, committed 10112K, reserved 1048576K
}
Event: 42.300 GC heap after
{Heap after GC invocations=23 (full 0):
 garbage-first heap   total 236544K, used 60682K [0x0000000080000000, 0x0000000100000000)
  region size 1024K, 17 young (17408K), 17 survivors (17408K)
 Metaspace       used 72640K, capacity 74393K, committed 74624K, reserved 1114112K
  class space    used 9401K, capacity 10043K, committed 10112K, reserved 1048576K
}
Event: 42.613 GC heap before
{Heap before GC invocations=23 (full 0):
 garbage-first heap   total 236544K, used 69898K [0x0000000080000000, 0x0000000100000000)
  region size 1024K, 27 young (27648K), 17 survivors (17408K)
 Metaspace       used 73440K, capacity 75123K, committed 75264K, reserved 1114112K
  class space    used 9493K, capacity 10117K, committed 10240K, reserved 1048576K
}
Event: 42.671 GC heap after
{Heap after GC invocations=24 (full 0):
 garbage-first heap   total 236544K, used 61622K [0x0000000080000000, 0x0000000100000000)
  region size 1024K, 10 young (10240K), 10 survivors (10240K)
 Metaspace       used 73440K, capacity 75123K, committed 75264K, reserved 1114112K
  class space    used 9493K, capacity 10117K, committed 10240K, reserved 1048576K
}
Event: 48.262 GC heap before
{Heap before GC invocations=25 (full 0):
 garbage-first heap   total 236544K, used 172214K [0x0000000080000000, 0x0000000100000000)
  region size 1024K, 119 young (121856K), 10 survivors (10240K)
 Metaspace       used 81155K, capacity 83255K, committed 83456K, reserved 1122304K
  class space    used 10631K, capacity 11407K, committed 11520K, reserved 1048576K
}
Event: 48.307 GC heap after
{Heap after GC invocations=26 (full 0):
 garbage-first heap   total 236544K, used 68596K [0x0000000080000000, 0x0000000100000000)
  region size 1024K, 8 young (8192K), 8 survivors (8192K)
 Metaspace       used 81155K, capacity 83255K, committed 83456K, reserved 1122304K
  class space    used 10631K, capacity 11407K, committed 11520K, reserved 1048576K
}
Event: 55.668 GC heap before
{Heap before GC invocations=27 (full 0):
 garbage-first heap   total 236544K, used 178164K [0x0000000080000000, 0x0000000100000000)
  region size 1024K, 116 young (118784K), 8 survivors (8192K)
 Metaspace       used 81560K, capacity 83702K, committed 83968K, reserved 1122304K
  class space    used 10635K, capacity 11414K, committed 11520K, reserved 1048576K
}
Event: 55.694 GC heap after
{Heap after GC invocations=28 (full 0):
 garbage-first heap   total 236544K, used 70434K [0x0000000080000000, 0x0000000100000000)
  region size 1024K, 10 young (10240K), 10 survivors (10240K)
 Metaspace       used 81560K, capacity 83702K, committed 83968K, reserved 1122304K
  class space    used 10635K, capacity 11414K, committed 11520K, reserved 1048576K
}
Event: 62.310 GC heap before
{Heap before GC invocations=28 (full 0):
 garbage-first heap   total 236544K, used 184098K [0x0000000080000000, 0x0000000100000000)
  region size 1024K, 120 young (122880K), 10 survivors (10240K)
 Metaspace       used 85108K, capacity 87329K, committed 87552K, reserved 1124352K
  class space    used 10886K, capacity 11691K, committed 11776K, reserved 1048576K
}
Event: 62.341 GC heap after
{Heap after GC invocations=29 (full 0):
 garbage-first heap   total 236544K, used 75544K [0x0000000080000000, 0x0000000100000000)
  region size 1024K, 8 young (8192K), 8 survivors (8192K)
 Metaspace       used 85108K, capacity 87329K, committed 87552K, reserved 1124352K
  class space    used 10886K, capacity 11691K, committed 11776K, reserved 1048576K
}
Event: 69.177 GC heap before
{Heap before GC invocations=29 (full 0):
 garbage-first heap   total 236544K, used 185112K [0x0000000080000000, 0x0000000100000000)
  region size 1024K, 116 young (118784K), 8 survivors (8192K)
 Metaspace       used 86331K, capacity 88510K, committed 88576K, reserved 1126400K
  class space    used 10963K, capacity 11769K, committed 11776K, reserved 1048576K
}
Event: 69.199 GC heap after
{Heap after GC invocations=30 (full 0):
 garbage-first heap   total 236544K, used 77986K [0x0000000080000000, 0x0000000100000000)
  region size 1024K, 11 young (11264K), 11 survivors (11264K)
 Metaspace       used 86331K, capacity 88510K, committed 88576K, reserved 1126400K
  class space    used 10963K, capacity 11769K, committed 11776K, reserved 1048576K
}
Event: 75.131 GC heap before
{Heap before GC invocations=30 (full 0):
 garbage-first heap   total 236544K, used 187554K [0x0000000080000000, 0x0000000100000000)
  region size 1024K, 119 young (121856K), 11 survivors (11264K)
 Metaspace       used 86702K, capacity 89000K, committed 89216K, reserved 1126400K
  class space    used 10998K, capacity 11818K, committed 11904K, reserved 1048576K
}
Event: 75.156 GC heap after
{Heap after GC invocations=31 (full 0):
 garbage-first heap   total 236544K, used 81777K [0x0000000080000000, 0x0000000100000000)
  region size 1024K, 12 young (12288K), 12 survivors (12288K)
 Metaspace       used 86702K, capacity 89000K, committed 89216K, reserved 1126400K
  class space    used 10998K, capacity 11818K, committed 11904K, reserved 1048576K
}
Event: 80.916 GC heap before
{Heap before GC invocations=31 (full 0):
 garbage-first heap   total 236544K, used 190321K [0x0000000080000000, 0x0000000100000000)
  region size 1024K, 119 young (121856K), 12 survivors (12288K)
 Metaspace       used 90133K, capacity 92499K, committed 92800K, reserved 1130496K
  class space    used 11472K, capacity 12326K, committed 12416K, reserved 1048576K
}
Event: 80.969 GC heap after
{Heap after GC invocations=32 (full 0):
 garbage-first heap   total 236544K, used 96820K [0x0000000080000000, 0x0000000100000000)
  region size 1024K, 15 young (15360K), 15 survivors (15360K)
 Metaspace       used 90133K, capacity 92499K, committed 92800K, reserved 1130496K
  class space    used 11472K, capacity 12326K, committed 12416K, reserved 1048576K
}
Event: 89.008 GC heap before
{Heap before GC invocations=32 (full 0):
 garbage-first heap   total 236544K, used 185908K [0x0000000080000000, 0x0000000100000000)
  region size 1024K, 103 young (105472K), 15 survivors (15360K)
 Metaspace       used 92414K, capacity 94815K, committed 94848K, reserved 1132544K
  class space    used 11774K, capacity 12643K, committed 12672K, reserved 1048576K
}
Event: 89.120 GC heap after
{Heap after GC invocations=33 (full 0):
 garbage-first heap   total 236544K, used 108544K [0x0000000080000000, 0x0000000100000000)
  region size 1024K, 13 young (13312K), 13 survivors (13312K)
 Metaspace       used 92414K, capacity 94815K, committed 94848K, reserved 1132544K
  class space    used 11774K, capacity 12643K, committed 12672K, reserved 1048576K
}

