# JRE version: OpenJDK Runtime Environment (11.0.11+9) (build 11.0.11+9-b60-7590822)
# Java VM: OpenJDK 64-Bit Server VM (11.0.11+9-b60-7590822, mixed mode, tiered, compressed oops, g1 gc, windows-amd64)
Heap:
 garbage-first heap   total 750592K, used 253504K [0x0000000080000000, 0x0000000100000000)
  region size 1024K, 4 young (4096K), 4 survivors (4096K)
 Metaspace       used 157857K, capacity 163964K, committed 164128K, reserved 1191936K
  class space    used 19328K, capacity 21507K, committed 21588K, reserved 1048576K
GC Heap History (20 events):
Event: 10170.699 GC heap after
{Heap after GC invocations=341 (full 0):
 garbage-first heap   total 236544K, used 162664K [0x0000000080000000, 0x0000000100000000)
  region size 1024K, 1 young (1024K), 1 survivors (1024K)
 Metaspace       used 157571K, capacity 163690K, committed 163872K, reserved 1191936K
  class space    used 19313K, capacity 21462K, committed 21588K, reserved 1048576K
}
Event: 10171.184 GC heap before
{Heap before GC invocations=341 (full 0):
 garbage-first heap   total 236544K, used 199528K [0x0000000080000000, 0x0000000100000000)
  region size 1024K, 38 young (38912K), 1 survivors (1024K)
 Metaspace       used 157653K, capacity 163807K, committed 164128K, reserved 1191936K
  class space    used 19323K, capacity 21500K, committed 21588K, reserved 1048576K
}
Event: 10171.192 GC heap after
{Heap after GC invocations=342 (full 0):
 garbage-first heap   total 236544K, used 162996K [0x0000000080000000, 0x0000000100000000)
  region size 1024K, 1 young (1024K), 1 survivors (1024K)
 Metaspace       used 157653K, capacity 163807K, committed 164128K, reserved 1191936K
  class space    used 19323K, capacity 21500K, committed 21588K, reserved 1048576K
}
Event: 10172.116 GC heap before
{Heap before GC invocations=342 (full 0):
 garbage-first heap   total 236544K, used 219316K [0x0000000080000000, 0x0000000100000000)
  region size 1024K, 39 young (39936K), 1 survivors (1024K)
 Metaspace       used 157692K, capacity 163832K, committed 164128K, reserved 1191936K
  class space    used 19327K, capacity 21507K, committed 21588K, reserved 1048576K
}
Event: 10172.138 GC heap after
{Heap after GC invocations=343 (full 0):
 garbage-first heap   total 238592K, used 191721K [0x0000000080000000, 0x0000000100000000)
  region size 1024K, 5 young (5120K), 5 survivors (5120K)
 Metaspace       used 157692K, capacity 163832K, committed 164128K, reserved 1191936K
  class space    used 19327K, capacity 21507K, committed 21588K, reserved 1048576K
}
Event: 10172.213 GC heap before
{Heap before GC invocations=344 (full 0):
 garbage-first heap   total 238592K, used 204009K [0x0000000080000000, 0x0000000100000000)
  region size 1024K, 18 young (18432K), 5 survivors (5120K)
 Metaspace       used 157692K, capacity 163832K, committed 164128K, reserved 1191936K
  class space    used 19327K, capacity 21507K, committed 21588K, reserved 1048576K
}
Event: 10172.240 GC heap after
{Heap after GC invocations=345 (full 0):
 garbage-first heap   total 238592K, used 197449K [0x0000000080000000, 0x0000000100000000)
  region size 1024K, 3 young (3072K), 3 survivors (3072K)
 Metaspace       used 157692K, capacity 163832K, committed 164128K, reserved 1191936K
  class space    used 19327K, capacity 21507K, committed 21588K, reserved 1048576K
}
Event: 10172.296 GC heap before
{Heap before GC invocations=345 (full 0):
 garbage-first heap   total 238592K, used 204617K [0x0000000080000000, 0x0000000100000000)
  region size 1024K, 11 young (11264K), 3 survivors (3072K)
 Metaspace       used 157692K, capacity 163832K, committed 164128K, reserved 1191936K
  class space    used 19327K, capacity 21507K, committed 21588K, reserved 1048576K
}
Event: 10172.333 GC heap after
{Heap after GC invocations=346 (full 0):
 garbage-first heap   total 238592K, used 197383K [0x0000000080000000, 0x0000000100000000)
  region size 1024K, 2 young (2048K), 2 survivors (2048K)
 Metaspace       used 157692K, capacity 163832K, committed 164128K, reserved 1191936K
  class space    used 19327K, capacity 21507K, committed 21588K, reserved 1048576K
}
Event: 10172.339 GC heap before
{Heap before GC invocations=346 (full 0):
 garbage-first heap   total 238592K, used 198407K [0x0000000080000000, 0x0000000100000000)
  region size 1024K, 4 young (4096K), 2 survivors (2048K)
 Metaspace       used 157692K, capacity 163832K, committed 164128K, reserved 1191936K
  class space    used 19327K, capacity 21507K, committed 21588K, reserved 1048576K
}
Event: 10172.358 GC heap after
{Heap after GC invocations=347 (full 0):
 garbage-first heap   total 238592K, used 198790K [0x0000000080000000, 0x0000000100000000)
  region size 1024K, 1 young (1024K), 1 survivors (1024K)
 Metaspace       used 157692K, capacity 163832K, committed 164128K, reserved 1191936K
  class space    used 19327K, capacity 21507K, committed 21588K, reserved 1048576K
}
Event: 10172.502 GC heap before
{Heap before GC invocations=347 (full 0):
 garbage-first heap   total 238592K, used 210054K [0x0000000080000000, 0x0000000100000000)
  region size 1024K, 11 young (11264K), 1 survivors (1024K)
 Metaspace       used 157692K, capacity 163832K, committed 164128K, reserved 1191936K
  class space    used 19327K, capacity 21507K, committed 21588K, reserved 1048576K
}
Event: 10172.528 GC heap after
{Heap after GC invocations=348 (full 0):
 garbage-first heap   total 335872K, used 205324K [0x0000000080000000, 0x0000000100000000)
  region size 1024K, 2 young (2048K), 2 survivors (2048K)
 Metaspace       used 157692K, capacity 163832K, committed 164128K, reserved 1191936K
  class space    used 19327K, capacity 21507K, committed 21588K, reserved 1048576K
}
Event: 10173.157 GC heap before
{Heap before GC invocations=348 (full 0):
 garbage-first heap   total 335872K, used 242188K [0x0000000080000000, 0x0000000100000000)
  region size 1024K, 38 young (38912K), 2 survivors (2048K)
 Metaspace       used 157822K, capacity 163962K, committed 164128K, reserved 1191936K
  class space    used 19328K, capacity 21507K, committed 21588K, reserved 1048576K
}
Event: 10173.224 GC heap after
{Heap after GC invocations=349 (full 0):
 garbage-first heap   total 335872K, used 224856K [0x0000000080000000, 0x0000000100000000)
  region size 1024K, 5 young (5120K), 5 survivors (5120K)
 Metaspace       used 157822K, capacity 163962K, committed 164128K, reserved 1191936K
  class space    used 19328K, capacity 21507K, committed 21588K, reserved 1048576K
}
Event: 10173.585 GC heap before
{Heap before GC invocations=350 (full 0):
 garbage-first heap   total 335872K, used 254552K [0x0000000080000000, 0x0000000100000000)
  region size 1024K, 34 young (34816K), 5 survivors (5120K)
 Metaspace       used 157832K, capacity 163964K, committed 164128K, reserved 1191936K
  class space    used 19328K, capacity 21507K, committed 21588K, reserved 1048576K
}
Event: 10173.688 GC heap after
{Heap after GC invocations=351 (full 0):
 garbage-first heap   total 335872K, used 240640K [0x0000000080000000, 0x0000000100000000)
  region size 1024K, 5 young (5120K), 5 survivors (5120K)
 Metaspace       used 157832K, capacity 163964K, committed 164128K, reserved 1191936K
  class space    used 19328K, capacity 21507K, committed 21588K, reserved 1048576K
}
Event: 10173.741 GC heap before
{Heap before GC invocations=351 (full 0):
 garbage-first heap   total 335872K, used 251904K [0x0000000080000000, 0x0000000100000000)
  region size 1024K, 16 young (16384K), 5 survivors (5120K)
 Metaspace       used 157832K, capacity 163964K, committed 164128K, reserved 1191936K
  class space    used 19328K, capacity 21507K, committed 21588K, reserved 1048576K
}
Event: 10173.813 GC heap after
{Heap after GC invocations=352 (full 0):
 garbage-first heap   total 335872K, used 243200K [0x0000000080000000, 0x0000000100000000)
  region size 1024K, 2 young (2048K), 2 survivors (2048K)
 Metaspace       used 157832K, capacity 163964K, committed 164128K, reserved 1191936K
  class space    used 19328K, capacity 21507K, committed 21588K, reserved 1048576K
}
Event: 10174.019 GC heap before
{Heap before GC invocations=352 (full 0):
 garbage-first heap   total 335872K, used 266752K [0x0000000080000000, 0x0000000100000000)
  region size 1024K, 25 young (25600K), 2 survivors (2048K)
 Metaspace       used 157857K, capacity 163964K, committed 164128K, reserved 1191936K
  class space    used 19328K, capacity 21507K, committed 21588K, reserved 1048576K
}

